-------------------------------------------------------------------------------
Test set: To search for product in home and offer pages
-------------------------------------------------------------------------------
Tests run: 2, Failures: 1, Errors: 0, Skipped: 0, Time elapsed: 38.444 s <<< FAILURE! - in To search for product in home and offer pages
To search for a product in the home and offer pages #2(To search for product in home and offer pages)  Time elapsed: 18.594 s  <<< FAILURE!
java.lang.AssertionError

