<?xml version="1.0" encoding="UTF-8"?>
<!-- Generated by org.testng.reporters.JUnitReportReporter -->
<testsuite hostname="LAPTOP-50I9GGAN" failures="1" tests="2" name="TestRunner.TestRunner" time="43.142" errors="0" timestamp="2024-07-21T21:16:15 IST" skipped="0">
  <testcase classname="TestRunner.TestRunner" name="runScenario" time="21.413">
    <failure message="null" type="java.lang.AssertionError">
      <![CDATA[java.lang.AssertionError: null
at org.testng.Assert.fail(Assert.java:99)
at org.testng.Assert.fail(Assert.java:106)
at stepDef.stepDefinitionsOffer.i_am_able_to_see_in_the_offers(stepDefinitionsOffer.java:51)
at ✽.I am able to see Beetroot in the offers(file:///C:/Users/SRIJAN/eclipse-workspace/RS_Cucumber_Selenium/src/test/java/cucumber/features/search.feature:9)
]]>
    </failure>
  </testcase> <!-- runScenario -->
  <system-out/>
  <testcase classname="TestRunner.TestRunner" name="runScenario" time="21.729"/>
  <system-out/>
</testsuite> <!-- TestRunner.TestRunner -->
